
> smart-helmet@0.1.0 build
> next build

⚠ Warning: Next.js inferred your workspace root, but it may not be correct.
 We detected multiple lockfiles and selected the directory of C:\Users\dell-pc\package-lock.json as the root directory.
 To silence this warning, set `turbopack.root` in your Next.js config, or consider removing one of the lockfiles if it's not needed.
   See https://nextjs.org/docs/app/api-reference/config/next-config-js/turbopack#root-directory for more information.
 Detected additional lockfiles: 
   * C:\Users\dell-pc\Desktop\codes\smart-helmet\package-lock.json

▲ Next.js 16.1.6 (Turbopack)

  Creating an optimized production build ...
✓ Compiled successfully in 8.1s
  Running TypeScript ...
Failed to compile.

./components/DashboardMap.tsx:26:13
Type error: Type '{ children: Element[]; center: number[]; zoom: number; scrollWheelZoom: boolean; className: string; }' is not assignable to type 'IntrinsicAttributes & MapContainerProps & RefAttributes<LeafletMap>'.
  Property 'center' does not exist on type 'IntrinsicAttributes & MapContainerProps & RefAttributes<LeafletMap>'.

[0m [90m 24 |[39m     [36mreturn[39m (
 [90m 25 |[39m         [33m<[39m[33mMapContainer[39m
[31m[1m>[22m[39m[90m 26 |[39m             center[33m=[39m{[location[33m.[39mlat[33m,[39m location[33m.[39mlng]}
 [90m    |[39m             [31m[1m^[22m[39m
 [90m 27 |[39m             zoom[33m=[39m{[35m15[39m}
 [90m 28 |[39m             scrollWheelZoom[33m=[39m{[36mfalse[39m}
 [90m 29 |[39m             className[33m=[39m[32m"h-full w-full rounded-lg"[39m[0m
Next.js build worker exited with code: 1 and signal: null
